0 info it worked if it ends with ok
1 verbose cli [ '/usr/bin/nodejs', '/usr/bin/npm', 'run', 'watch' ]
2 info using npm@3.5.2
3 info using node@v4.2.6
4 verbose run-script [ 'prewatch', 'watch', 'postwatch' ]
5 info lifecycle codehour-breadboard-web@1.0.0~prewatch: codehour-breadboard-web@1.0.0
6 silly lifecycle codehour-breadboard-web@1.0.0~prewatch: no script for prewatch, continuing
7 info lifecycle codehour-breadboard-web@1.0.0~watch: codehour-breadboard-web@1.0.0
8 verbose lifecycle codehour-breadboard-web@1.0.0~watch: unsafe-perm in lifecycle true
9 verbose lifecycle codehour-breadboard-web@1.0.0~watch: PATH: /usr/share/npm/bin/node-gyp-bin:/home/borland/Projects/makeitlab/codehour-breadboard-web/node_modules/.bin:/usr/local/sbin:/usr/local/bin:/usr/sbin:/usr/bin:/sbin:/bin:/snap/bin
10 verbose lifecycle codehour-breadboard-web@1.0.0~watch: CWD: /home/borland/Projects/makeitlab/codehour-breadboard-web
11 silly lifecycle codehour-breadboard-web@1.0.0~watch: Args: [ '-c', 'webpack --watch' ]
12 silly lifecycle codehour-breadboard-web@1.0.0~watch: Returned: code: 134  signal: null
13 info lifecycle codehour-breadboard-web@1.0.0~watch: Failed to exec watch script
14 verbose stack Error: codehour-breadboard-web@1.0.0 watch: `webpack --watch`
14 verbose stack Exit status 134
14 verbose stack     at EventEmitter.<anonymous> (/usr/share/npm/lib/utils/lifecycle.js:232:16)
14 verbose stack     at emitTwo (events.js:87:13)
14 verbose stack     at EventEmitter.emit (events.js:172:7)
14 verbose stack     at ChildProcess.<anonymous> (/usr/share/npm/lib/utils/spawn.js:24:14)
14 verbose stack     at emitTwo (events.js:87:13)
14 verbose stack     at ChildProcess.emit (events.js:172:7)
14 verbose stack     at maybeClose (internal/child_process.js:821:16)
14 verbose stack     at Process.ChildProcess._handle.onexit (internal/child_process.js:211:5)
15 verbose pkgid codehour-breadboard-web@1.0.0
16 verbose cwd /home/borland/Projects/makeitlab/codehour-breadboard-web
17 error Linux 4.10.0-38-generic
18 error argv "/usr/bin/nodejs" "/usr/bin/npm" "run" "watch"
19 error node v4.2.6
20 error npm  v3.5.2
21 error code ELIFECYCLE
22 error codehour-breadboard-web@1.0.0 watch: `webpack --watch`
22 error Exit status 134
23 error Failed at the codehour-breadboard-web@1.0.0 watch script 'webpack --watch'.
23 error Make sure you have the latest version of node.js and npm installed.
23 error If you do, this is most likely a problem with the codehour-breadboard-web package,
23 error not with npm itself.
23 error Tell the author that this fails on your system:
23 error     webpack --watch
23 error You can get information on how to open an issue for this project with:
23 error     npm bugs codehour-breadboard-web
23 error Or if that isn't available, you can get their info via:
23 error     npm owner ls codehour-breadboard-web
23 error There is likely additional logging output above.
24 verbose exit [ 1, true ]
